TN:
SF:rollup.config.js
FN:1,(empty-report)
FNF:1
FNH:0
FNDA:0,(empty-report)
DA:1,0
DA:2,0
DA:3,0
DA:4,0
DA:5,0
DA:6,0
DA:7,0
DA:8,0
DA:9,0
DA:10,0
DA:11,0
DA:12,0
DA:13,0
DA:14,0
DA:15,0
DA:16,0
DA:17,0
DA:18,0
DA:19,0
DA:20,0
DA:21,0
DA:22,0
DA:23,0
DA:24,0
DA:25,0
DA:26,0
DA:27,0
DA:28,0
LF:28
LH:0
BRDA:1,0,0,0
BRF:1
BRH:0
end_of_record
TN:
SF:src/index.ts
FN:1,(empty-report)
FNF:1
FNH:0
FNDA:0,(empty-report)
DA:1,0
DA:3,0
LF:2
LH:0
BRDA:1,0,0,0
BRF:1
BRH:0
end_of_record
TN:
SF:src/patch/node-fetch.ts
FN:3,fetch
FNF:1
FNH:1
FNDA:7,fetch
DA:3,1
DA:4,7
DA:5,7
DA:6,7
LF:4
LH:4
BRDA:3,0,0,7
BRF:1
BRH:1
end_of_record
TN:
SF:src/trustedTimestamp/TimestampRequest.ts
FN:25,<instance_members_initializer>
FN:33,TimestampRequest
FN:42,setHeader
FN:52,setBody
FN:59,setProxy
FN:69,setEncoding
FN:76,setResolveWithFullResponse
FN:83,get
FN:90,authStrategy
FN:113,_getTimestampRequestBasic
FN:133,_getTimestampRequestOauth
FN:181,_getTimestampRequestNoAuth
FN:192,_getOauth
FN:215,_getOauthRequestSettings
FN:231,getProxyForUrl
FNF:15
FNH:12
FNDA:5,<instance_members_initializer>
FNDA:5,TimestampRequest
FNDA:7,setHeader
FNDA:5,setBody
FNDA:0,setProxy
FNDA:3,setEncoding
FNDA:3,setResolveWithFullResponse
FNDA:5,get
FNDA:5,authStrategy
FNDA:3,_getTimestampRequestBasic
FNDA:2,_getTimestampRequestOauth
FNDA:0,_getTimestampRequestNoAuth
FNDA:2,_getOauth
FNDA:2,_getOauthRequestSettings
FNDA:0,getProxyForUrl
DA:1,1
DA:25,1
DA:26,5
DA:27,5
DA:28,5
DA:29,5
DA:30,5
DA:31,5
DA:33,5
DA:34,5
DA:35,5
DA:36,5
DA:37,5
DA:42,5
DA:43,7
DA:44,7
DA:45,7
DA:46,7
DA:47,7
DA:52,5
DA:53,5
DA:54,5
DA:59,5
DA:60,0
DA:61,0
DA:62,0
DA:63,0
DA:64,0
DA:69,5
DA:70,3
DA:71,3
DA:76,5
DA:77,3
DA:78,3
DA:83,5
DA:84,5
DA:85,5
DA:90,5
DA:91,5
DA:92,5
DA:93,5
DA:94,5
DA:95,5
DA:96,5
DA:97,5
DA:98,5
DA:99,5
DA:100,3
DA:101,5
DA:102,2
DA:103,5
DA:104,0
DA:105,5
DA:106,0
DA:107,5
DA:108,5
DA:113,5
DA:114,3
DA:115,3
DA:116,3
DA:117,3
DA:118,3
DA:119,3
DA:120,3
DA:121,3
DA:123,3
DA:124,3
DA:125,3
DA:127,3
DA:128,3
DA:133,5
DA:134,2
DA:135,2
DA:136,2
DA:137,2
DA:138,2
DA:139,2
DA:140,2
DA:143,2
DA:144,2
DA:145,0
DA:146,0
DA:148,2
DA:149,0
DA:150,0
DA:152,2
DA:154,2
DA:155,2
DA:156,2
DA:157,2
DA:158,2
DA:160,2
DA:161,2
DA:162,2
DA:163,2
DA:164,2
DA:166,2
DA:167,2
DA:168,2
DA:169,2
DA:170,2
DA:171,2
DA:172,2
DA:173,2
DA:175,2
DA:176,2
DA:181,5
DA:182,0
DA:183,0
DA:184,0
DA:186,0
DA:187,0
DA:192,5
DA:193,2
DA:194,2
DA:195,2
DA:196,2
DA:197,2
DA:198,2
DA:199,2
DA:200,2
DA:201,2
DA:202,2
DA:203,0
DA:204,0
DA:205,0
DA:206,0
DA:207,0
DA:208,0
DA:209,0
DA:210,2
DA:215,5
DA:216,2
DA:217,2
DA:218,2
DA:219,2
DA:220,2
DA:221,2
DA:222,2
DA:223,2
DA:224,2
DA:225,2
DA:226,2
DA:227,2
DA:229,2
DA:230,0
DA:231,0
DA:232,0
DA:233,0
DA:234,0
DA:236,2
DA:237,2
DA:238,5
LF:153
LH:125
BRDA:25,0,0,5
BRDA:33,1,0,5
BRDA:42,2,0,7
BRDA:52,3,0,5
BRDA:69,4,0,3
BRDA:76,5,0,3
BRDA:83,6,0,5
BRDA:90,7,0,5
BRDA:99,8,0,3
BRDA:101,9,0,2
BRDA:103,10,0,0
BRDA:105,11,0,0
BRDA:113,12,0,3
BRDA:133,13,0,2
BRDA:144,14,0,0
BRDA:148,15,0,0
BRDA:192,16,0,2
BRDA:202,17,0,0
BRDA:215,18,0,2
BRDA:229,19,0,0
BRDA:229,20,0,0
BRF:21
BRH:14
end_of_record
TN:
SF:src/trustedTimestamp/TrustedTimestampCheck.ts
FN:16,checkDigestFormat
FN:20,checkDigest
FN:24,normalizeDigestFormat
FNF:3
FNH:3
FNDA:4,checkDigestFormat
FNDA:9,checkDigest
FNDA:4,normalizeDigestFormat
DA:1,1
DA:2,1
DA:3,1
DA:4,1
DA:5,1
DA:6,1
DA:7,1
DA:8,1
DA:9,1
DA:10,1
DA:11,1
DA:12,1
DA:13,1
DA:14,1
DA:16,1
DA:17,4
DA:18,4
DA:20,1
DA:21,9
DA:22,9
DA:24,1
DA:25,4
DA:26,4
DA:27,4
DA:28,4
LF:25
LH:25
BRDA:16,0,0,4
BRDA:20,1,0,9
BRDA:24,2,0,4
BRF:3
BRH:3
end_of_record
TN:
SF:src/trustedTimestamp/TrustedTimestampCommand.ts
FN:1,(empty-report)
FNF:1
FNH:0
FNDA:0,(empty-report)
DA:1,0
DA:3,0
DA:5,0
DA:7,0
DA:8,0
DA:9,0
DA:10,0
DA:12,0
DA:13,0
DA:14,0
DA:15,0
DA:16,0
DA:17,0
DA:19,0
DA:20,0
DA:21,0
DA:23,0
DA:24,0
DA:25,0
DA:26,0
DA:28,0
DA:30,0
DA:31,0
DA:32,0
DA:33,0
DA:34,0
DA:35,0
DA:36,0
DA:38,0
DA:39,0
DA:40,0
DA:41,0
DA:42,0
DA:44,0
DA:45,0
DA:46,0
DA:47,0
DA:48,0
DA:50,0
DA:51,0
DA:52,0
DA:53,0
DA:54,0
DA:55,0
DA:56,0
DA:57,0
DA:58,0
DA:59,0
DA:60,0
LF:49
LH:0
BRDA:1,0,0,0
BRF:1
BRH:0
end_of_record
TN:
SF:src/trustedTimestamp/TrustedTimestampInfo.ts
FN:34,<instance_members_initializer>
FN:50,TimestampInfo
FN:77,setCertInfo
FN:81,parseOpensslOutput
FN:112,m.reduce.C
FN:125,parseOpensslOutputShort
FNF:6
FNH:5
FNDA:4,<instance_members_initializer>
FNDA:4,TimestampInfo
FNDA:4,setCertInfo
FNDA:4,parseOpensslOutput
FNDA:16,m.reduce.C
FNDA:0,parseOpensslOutputShort
DA:1,1
DA:34,1
DA:35,4
DA:36,4
DA:37,4
DA:38,4
DA:39,4
DA:40,4
DA:41,4
DA:42,4
DA:43,4
DA:44,4
DA:45,4
DA:46,4
DA:47,4
DA:48,4
DA:50,4
DA:51,4
DA:52,4
DA:53,4
DA:54,4
DA:55,4
DA:56,4
DA:57,4
DA:58,4
DA:59,4
DA:60,4
DA:62,4
DA:63,0
DA:64,4
DA:65,4
DA:66,0
DA:67,4
DA:68,4
DA:69,4
DA:70,4
DA:71,4
DA:72,4
DA:73,4
DA:74,4
DA:75,4
DA:77,4
DA:78,4
DA:79,4
DA:81,4
DA:82,4
DA:83,4
DA:84,4
DA:85,4
DA:86,4
DA:87,4
DA:88,4
DA:89,4
DA:90,4
DA:91,4
DA:92,4
DA:93,4
DA:94,4
DA:95,4
DA:96,4
DA:97,4
DA:98,4
DA:99,4
DA:100,4
DA:101,4
DA:102,4
DA:103,4
DA:104,4
DA:105,4
DA:106,4
DA:107,4
DA:108,4
DA:109,4
DA:111,4
DA:112,4
DA:113,16
DA:114,16
DA:115,0
DA:116,0
DA:117,16
DA:118,16
DA:119,16
DA:120,4
DA:121,4
DA:122,4
DA:123,4
DA:125,4
DA:126,0
DA:127,0
DA:128,0
DA:129,0
DA:130,0
DA:131,0
DA:132,0
DA:133,0
DA:134,0
DA:135,0
DA:136,0
DA:137,0
DA:138,0
DA:139,0
DA:140,0
DA:141,0
DA:142,0
DA:143,0
DA:144,0
DA:145,0
DA:147,0
DA:148,0
DA:149,0
DA:150,0
DA:151,0
DA:152,0
DA:153,0
DA:154,0
DA:155,0
DA:156,0
DA:157,0
DA:158,0
DA:159,0
DA:160,4
LF:121
LH:84
BRDA:34,0,0,4
BRDA:50,1,0,4
BRDA:62,2,0,0
BRDA:65,3,0,0
BRDA:77,4,0,4
BRDA:81,5,0,4
BRDA:87,6,0,4
BRDA:98,7,0,4
BRDA:99,8,0,0
BRDA:100,9,0,0
BRDA:101,10,0,0
BRDA:105,11,0,4
BRDA:106,12,0,4
BRDA:106,13,0,0
BRDA:108,14,0,4
BRDA:109,15,0,0
BRDA:112,16,0,16
BRDA:113,17,0,0
BRDA:114,18,0,0
BRF:19
BRH:10
end_of_record
TN:
SF:src/trustedTimestamp/TrustedTimestampRequest.ts
FN:20,<instance_members_initializer>
FN:24,TrustedTimestampRequest
FN:35,getTimestamp
FN:66,_sortedProviders
FN:86,_getTimeStampToken
FN:140,_getTimestampRequest
FNF:6
FNH:6
FNDA:10,<instance_members_initializer>
FNDA:10,TrustedTimestampRequest
FNDA:4,getTimestamp
FNDA:10,_sortedProviders
FNDA:5,_getTimeStampToken
FNDA:5,_getTimestampRequest
DA:1,1
DA:20,1
DA:21,10
DA:22,10
DA:24,10
DA:25,10
DA:26,10
DA:27,10
DA:28,10
DA:29,10
DA:30,10
DA:35,10
DA:36,4
DA:37,4
DA:38,4
DA:39,4
DA:40,4
DA:42,4
DA:43,5
DA:44,5
DA:46,5
DA:47,0
DA:48,0
DA:49,5
DA:50,0
DA:51,0
DA:53,5
DA:54,5
DA:55,5
DA:56,5
DA:57,5
DA:58,5
DA:60,4
DA:61,4
DA:66,10
DA:67,10
DA:68,10
DA:70,10
DA:71,17
DA:72,5
DA:73,17
DA:74,12
DA:75,12
DA:76,10
DA:78,10
DA:80,10
DA:81,10
DA:86,10
DA:87,5
DA:88,5
DA:89,5
DA:90,5
DA:91,5
DA:92,5
DA:96,5
DA:97,5
DA:98,5
DA:99,0
DA:100,0
DA:101,0
DA:102,0
DA:103,0
DA:104,0
DA:105,0
DA:106,0
DA:107,5
DA:108,5
DA:109,5
DA:110,0
DA:111,0
DA:113,3
DA:114,3
DA:115,3
DA:116,3
DA:117,3
DA:118,3
DA:119,3
DA:120,5
DA:121,2
DA:122,2
DA:123,2
DA:124,2
DA:125,2
DA:126,2
DA:127,2
DA:128,5
DA:129,5
DA:130,2
DA:131,2
DA:132,2
DA:133,2
DA:134,5
DA:135,5
DA:140,10
DA:141,5
DA:142,5
DA:143,5
DA:144,5
DA:145,5
DA:146,5
DA:148,5
DA:150,5
DA:151,0
DA:152,0
DA:154,5
DA:155,5
DA:156,2
DA:157,2
DA:158,5
DA:159,3
DA:160,3
DA:161,5
DA:162,0
DA:163,0
DA:165,5
DA:166,5
DA:167,10
LF:117
LH:99
BRDA:20,0,0,10
BRDA:24,1,0,10
BRDA:35,2,0,4
BRDA:42,3,0,5
BRDA:46,4,0,0
BRDA:49,5,0,0
BRDA:66,6,0,10
BRDA:70,7,0,17
BRDA:71,8,0,5
BRDA:73,9,0,12
BRDA:86,10,0,5
BRDA:98,11,0,0
BRDA:108,12,0,3
BRDA:109,13,0,0
BRDA:111,14,0,3
BRDA:120,15,0,2
BRDA:128,16,0,0
BRDA:129,17,0,2
BRDA:140,18,0,5
BRDA:150,19,0,0
BRDA:150,20,0,0
BRDA:155,21,0,2
BRDA:155,22,0,2
BRDA:158,23,0,3
BRDA:158,24,0,3
BRDA:158,25,0,3
BRDA:158,26,0,3
BRDA:161,27,0,3
BRDA:161,28,0,0
BRF:29
BRH:21
end_of_record
TN:
SF:src/trustedTimestamp/TrustedTimestampService.ts
FN:29,<instance_members_initializer>
FN:37,TrustedTimestampService
FN:48,_init
FN:69,getTimestampInfo
FN:125,createTimestampToken
FN:171,verifyToken
FN:191,verifyTsr
FN:224,testService
FNF:8
FNH:8
FNDA:12,<instance_members_initializer>
FNDA:12,TrustedTimestampService
FNDA:12,_init
FNDA:4,getTimestampInfo
FNDA:4,createTimestampToken
FNDA:4,verifyToken
FNDA:5,verifyTsr
FNDA:1,testService
DA:1,1
DA:29,1
DA:30,12
DA:31,12
DA:32,12
DA:33,12
DA:34,12
DA:35,12
DA:37,12
DA:38,12
DA:39,12
DA:40,12
DA:41,12
DA:42,12
DA:43,12
DA:48,12
DA:49,12
DA:50,12
DA:51,1
DA:52,1
DA:54,12
DA:55,1
DA:56,1
DA:58,10
DA:59,10
DA:60,10
DA:61,10
DA:62,10
DA:63,10
DA:64,12
DA:69,12
DA:70,4
DA:71,4
DA:73,4
DA:74,4
DA:75,4
DA:76,4
DA:78,4
DA:79,4
DA:83,4
DA:85,4
DA:86,4
DA:87,0
DA:88,4
DA:89,4
DA:90,4
DA:91,4
DA:92,4
DA:93,4
DA:96,4
DA:98,4
DA:100,4
DA:101,4
DA:102,4
DA:103,4
DA:104,0
DA:105,0
DA:107,4
DA:108,4
DA:109,0
DA:110,4
DA:111,4
DA:112,8
DA:113,8
DA:114,8
DA:115,8
DA:116,4
DA:117,4
DA:125,12
DA:126,4
DA:128,4
DA:129,4
DA:130,0
DA:131,0
DA:132,4
DA:133,0
DA:134,0
DA:136,4
DA:137,4
DA:138,4
DA:139,1
DA:140,1
DA:141,1
DA:142,1
DA:143,1
DA:144,3
DA:145,4
DA:146,4
DA:147,4
DA:148,4
DA:149,4
DA:150,4
DA:151,4
DA:152,4
DA:153,4
DA:154,4
DA:156,4
DA:158,3
DA:159,4
DA:160,1
DA:161,1
DA:162,1
DA:164,0
DA:165,0
DA:166,4
DA:171,12
DA:172,4
DA:173,0
DA:174,0
DA:175,0
DA:176,0
DA:178,4
DA:179,0
DA:180,0
DA:181,0
DA:182,0
DA:185,4
DA:186,4
DA:191,12
DA:192,5
DA:194,5
DA:195,5
DA:196,0
DA:197,0
DA:200,5
DA:201,5
DA:203,5
DA:205,5
DA:207,5
DA:208,5
DA:209,5
DA:211,5
DA:212,5
DA:213,0
DA:214,0
DA:215,0
DA:217,0
DA:218,0
DA:219,5
DA:224,12
DA:225,1
DA:226,1
DA:227,12
LF:143
LH:118
BRDA:29,0,0,12
BRDA:37,1,0,12
BRDA:48,2,0,12
BRDA:50,3,0,1
BRDA:52,4,0,11
BRDA:54,5,0,10
BRDA:54,6,0,1
BRDA:56,7,0,10
BRDA:69,8,0,4
BRDA:86,9,0,0
BRDA:103,10,0,0
BRDA:108,11,0,0
BRDA:111,12,0,8
BRDA:125,13,0,4
BRDA:129,14,0,0
BRDA:132,15,0,0
BRDA:138,16,0,1
BRDA:143,17,0,3
BRDA:145,18,0,0
BRDA:145,19,0,3
BRDA:156,20,0,3
BRDA:159,21,0,1
BRDA:162,22,0,0
BRDA:171,23,0,4
BRDA:172,24,0,0
BRDA:178,25,0,0
BRDA:191,26,0,5
BRDA:195,27,0,0
BRDA:212,28,0,0
BRDA:224,29,0,1
BRF:30
BRH:19
end_of_record
TN:
SF:src/trustedTimestamp/error/create-timestamp-token.error.ts
FN:9,CreateTimestampTokenError
FNF:1
FNH:1
FNDA:1,CreateTimestampTokenError
DA:8,1
DA:9,1
DA:10,1
DA:11,1
DA:12,1
DA:13,1
DA:14,1
DA:15,1
DA:16,1
LF:9
LH:9
BRDA:9,0,0,1
BRF:1
BRH:1
end_of_record
TN:
SF:src/trustedTimestamp/types/timestamp-config.type.ts
FN:1,(empty-report)
FNF:1
FNH:1
FNDA:1,(empty-report)
LF:0
LH:0
BRDA:1,0,0,1
BRF:1
BRH:1
end_of_record
TN:
SF:src/trustedTimestamp/types/timestamp-log.type.ts
FN:1,(empty-report)
FNF:1
FNH:1
FNDA:1,(empty-report)
LF:0
LH:0
BRDA:1,0,0,1
BRF:1
BRH:1
end_of_record
TN:
SF:src/trustedTimestamp/types/timestamp-provider.type.ts
FN:1,(empty-report)
FNF:1
FNH:1
FNDA:1,(empty-report)
LF:0
LH:0
BRDA:1,0,0,1
BRF:1
BRH:1
end_of_record
TN:
SF:src/trustedTimestamp/types/timestamp-request.type.ts
FN:1,(empty-report)
FNF:1
FNH:1
FNDA:1,(empty-report)
LF:0
LH:0
BRDA:1,0,0,1
BRF:1
BRH:1
end_of_record
TN:
SF:src/trustedTimestamp/types/timestamp-token.type.ts
FN:1,(empty-report)
FNF:1
FNH:1
FNDA:1,(empty-report)
LF:0
LH:0
BRDA:1,0,0,1
BRF:1
BRH:1
end_of_record
TN:
SF:src/util/TempFileService.ts
FN:20,createTempFile
FNF:1
FNH:1
FNDA:15,createTempFile
DA:1,1
DA:5,1
DA:7,1
DA:8,1
DA:9,15
DA:10,15
DA:11,15
DA:12,15
DA:13,15
DA:14,1
DA:16,1
DA:20,1
DA:21,15
DA:22,15
DA:23,15
DA:24,15
DA:25,15
DA:26,15
DA:27,11
DA:28,11
DA:29,15
DA:30,15
DA:31,0
DA:32,0
DA:33,15
DA:34,1
LF:26
LH:24
BRDA:8,0,0,15
BRDA:12,1,0,15
BRDA:20,2,0,15
BRDA:26,3,0,11
BRDA:30,4,0,0
BRF:5
BRH:4
end_of_record
TN:
SF:src/util/child_process_promise.ts
FN:1,(empty-report)
FNF:1
FNH:0
FNDA:0,(empty-report)
DA:1,0
DA:9,0
DA:10,0
DA:11,0
DA:13,0
DA:14,0
DA:15,0
DA:16,0
DA:17,0
DA:18,0
DA:19,0
DA:20,0
DA:22,0
DA:23,0
DA:25,0
DA:26,0
DA:27,0
DA:28,0
DA:29,0
DA:30,0
DA:31,0
DA:33,0
DA:34,0
DA:35,0
DA:36,0
DA:37,0
DA:38,0
DA:39,0
DA:40,0
DA:41,0
DA:43,0
DA:44,0
DA:45,0
DA:46,0
DA:48,0
DA:49,0
DA:50,0
DA:51,0
DA:52,0
DA:53,0
DA:54,0
DA:55,0
DA:56,0
DA:58,0
DA:59,0
DA:60,0
DA:61,0
LF:47
LH:0
BRDA:1,0,0,0
BRF:1
BRH:0
end_of_record
TN:
SF:src/util/regexParser.ts
FN:1,parseRegex
FN:11,revive
FN:35,createParser
FNF:3
FNH:2
FNDA:40,parseRegex
FNDA:20,revive
FNDA:0,createParser
DA:1,40
DA:2,40
DA:3,40
DA:4,40
DA:5,40
DA:11,40
DA:12,40
DA:13,40
DA:14,40
DA:15,0
DA:16,0
DA:18,40
DA:19,0
DA:20,0
DA:22,40
DA:23,36
DA:24,36
DA:26,4
DA:27,4
DA:28,4
DA:29,12
DA:30,4
DA:31,4
DA:32,4
DA:33,40
DA:35,0
DA:36,0
DA:37,0
DA:38,0
DA:39,0
DA:40,0
DA:41,0
DA:42,0
DA:43,0
LF:34
LH:21
BRDA:1,0,0,40
BRDA:14,1,0,0
BRDA:18,2,0,0
BRDA:22,3,0,36
BRDA:24,4,0,4
BRDA:11,5,0,20
BRDA:28,6,0,12
BRF:7
BRH:5
end_of_record
