TN:
SF:index.js
FN:1,Object.<anonymous>
FNF:1
FNH:1
FNDA:6,Object.<anonymous>
DA:1,6
DA:2,6
DA:3,6
LF:3
LH:3
BRDA:1,0,0,6
BRDA:1,1,0,6
BRF:2
BRH:2
end_of_record
TN:
SF:src/trustedTimestamp/TimestampRequest.js
FN:1,Object.<anonymous>
FN:16,TimestampRequest
FN:32,setHeader
FN:43,setBody
FN:51,setProxy
FN:59,setEncoding
FN:67,setResolveWithFullResponse
FN:75,get
FN:89,authStrategy
FN:110,_getTimestampRequestBasic
FN:133,_getTimestampRequestOauth
FN:175,_getTimestampRequestNoAuth
FN:189,_getOauth
FN:210,_getOauthRequestSettings
FNF:14
FNH:12
FNDA:6,Object.<anonymous>
FNDA:4,TimestampRequest
FNDA:6,setHeader
FNDA:4,setBody
FNDA:0,setProxy
FNDA:2,setEncoding
FNDA:2,setResolveWithFullResponse
FNDA:4,get
FNDA:4,authStrategy
FNDA:2,_getTimestampRequestBasic
FNDA:2,_getTimestampRequestOauth
FNDA:0,_getTimestampRequestNoAuth
FNDA:2,_getOauth
FNDA:2,_getOauthRequestSettings
DA:1,6
DA:2,6
DA:3,6
DA:4,6
DA:5,6
DA:6,6
DA:7,6
DA:8,6
DA:9,6
DA:10,6
DA:11,6
DA:12,6
DA:13,6
DA:14,6
DA:15,6
DA:16,6
DA:17,4
DA:18,4
DA:19,4
DA:20,4
DA:21,4
DA:22,4
DA:23,4
DA:24,4
DA:25,4
DA:26,4
DA:27,6
DA:28,6
DA:29,6
DA:30,6
DA:31,6
DA:32,6
DA:33,6
DA:34,6
DA:35,6
DA:36,6
DA:37,6
DA:38,6
DA:39,6
DA:40,6
DA:41,6
DA:42,6
DA:43,6
DA:44,4
DA:45,4
DA:46,6
DA:47,6
DA:48,6
DA:49,6
DA:50,6
DA:51,6
DA:52,0
DA:53,0
DA:54,6
DA:55,6
DA:56,6
DA:57,6
DA:58,6
DA:59,6
DA:60,2
DA:61,2
DA:62,6
DA:63,6
DA:64,6
DA:65,6
DA:66,6
DA:67,6
DA:68,2
DA:69,2
DA:70,6
DA:71,6
DA:72,6
DA:73,6
DA:74,6
DA:75,6
DA:76,4
DA:77,4
DA:78,6
DA:79,6
DA:80,6
DA:81,6
DA:82,6
DA:83,6
DA:84,6
DA:85,6
DA:86,6
DA:87,6
DA:88,6
DA:89,6
DA:90,4
DA:91,4
DA:92,2
DA:93,4
DA:94,2
DA:95,4
DA:96,0
DA:97,4
DA:98,0
DA:99,4
DA:100,4
DA:101,6
DA:102,6
DA:103,6
DA:104,6
DA:105,6
DA:106,6
DA:107,6
DA:108,6
DA:109,6
DA:110,6
DA:111,2
DA:112,2
DA:113,2
DA:114,2
DA:115,2
DA:116,2
DA:117,2
DA:118,2
DA:119,2
DA:120,2
DA:121,2
DA:122,6
DA:123,6
DA:124,6
DA:125,6
DA:126,6
DA:127,6
DA:128,6
DA:129,6
DA:130,6
DA:131,6
DA:132,6
DA:133,6
DA:134,2
DA:135,2
DA:136,0
DA:137,0
DA:138,2
DA:139,2
DA:140,0
DA:141,0
DA:142,2
DA:143,2
DA:144,2
DA:145,2
DA:146,2
DA:147,2
DA:148,2
DA:149,2
DA:150,2
DA:151,2
DA:152,2
DA:153,2
DA:154,2
DA:155,2
DA:156,2
DA:157,2
DA:158,2
DA:159,2
DA:160,2
DA:161,2
DA:162,2
DA:163,2
DA:164,2
DA:165,2
DA:166,2
DA:167,2
DA:168,6
DA:169,6
DA:170,6
DA:171,6
DA:172,6
DA:173,6
DA:174,6
DA:175,6
DA:176,0
DA:177,0
DA:178,6
DA:179,6
DA:180,6
DA:181,6
DA:182,6
DA:183,6
DA:184,6
DA:185,6
DA:186,6
DA:187,6
DA:188,6
DA:189,6
DA:190,2
DA:191,2
DA:192,2
DA:193,2
DA:194,0
DA:195,0
DA:196,0
DA:197,0
DA:198,2
DA:199,2
DA:200,6
DA:201,6
DA:202,6
DA:203,6
DA:204,6
DA:205,6
DA:206,6
DA:207,6
DA:208,6
DA:209,6
DA:210,6
DA:211,2
DA:212,2
DA:213,2
DA:214,2
DA:215,2
DA:216,2
DA:217,2
DA:218,2
DA:219,2
DA:220,2
DA:221,2
DA:222,2
DA:223,0
DA:224,0
DA:225,2
DA:226,2
DA:227,2
DA:228,6
DA:229,6
DA:230,6
LF:230
LH:214
BRDA:1,0,0,6
BRDA:1,1,0,6
BRDA:16,2,0,4
BRDA:32,3,0,6
BRDA:43,4,0,4
BRDA:59,5,0,2
BRDA:67,6,0,2
BRDA:75,7,0,4
BRDA:89,8,0,4
BRDA:91,9,0,2
BRDA:93,10,0,2
BRDA:95,11,0,0
BRDA:97,12,0,0
BRDA:110,13,0,2
BRDA:133,14,0,2
BRDA:135,15,0,0
BRDA:139,16,0,0
BRDA:189,17,0,2
BRDA:191,18,0,2
BRDA:210,19,0,2
BRDA:222,20,0,0
BRDA:222,21,0,0
BRF:22
BRH:16
end_of_record
TN:
SF:src/trustedTimestamp/TrustedTimestampCheck.js
FN:1,Object.<anonymous>
FN:9,checkDigestFormat
FN:17,checkDigest
FN:25,normalizeDigestFormat
FNF:4
FNH:4
FNDA:6,Object.<anonymous>
FNDA:3,checkDigestFormat
FNDA:8,checkDigest
FNDA:3,normalizeDigestFormat
DA:1,6
DA:2,6
DA:3,6
DA:4,6
DA:5,6
DA:6,6
DA:7,6
DA:8,6
DA:9,3
DA:10,3
DA:11,3
DA:12,6
DA:13,6
DA:14,6
DA:15,6
DA:16,6
DA:17,8
DA:18,8
DA:19,8
DA:20,6
DA:21,6
DA:22,6
DA:23,6
DA:24,6
DA:25,3
DA:26,3
DA:27,3
DA:28,3
DA:29,3
DA:30,6
DA:31,6
LF:31
LH:31
BRDA:1,0,0,6
BRDA:1,1,0,6
BRDA:9,2,0,3
BRDA:17,3,0,8
BRDA:25,4,0,3
BRF:5
BRH:5
end_of_record
TN:
SF:src/trustedTimestamp/TrustedTimestampInfo.js
FN:1,Object.<anonymous>
FN:51,TimestampInfo
FN:81,setCertInfo
FN:88,parseOpensslOutput
FN:110,m.reduce.C
FN:124,parseOpensslOutputShort
FNF:6
FNH:5
FNDA:6,Object.<anonymous>
FNDA:4,TimestampInfo
FNDA:4,setCertInfo
FNDA:4,parseOpensslOutput
FNDA:16,m.reduce.C
FNDA:0,parseOpensslOutputShort
DA:1,6
DA:2,6
DA:3,6
DA:4,6
DA:5,6
DA:6,6
DA:7,6
DA:8,6
DA:9,6
DA:10,6
DA:11,6
DA:12,6
DA:13,6
DA:14,6
DA:15,6
DA:16,6
DA:17,6
DA:18,6
DA:19,6
DA:20,6
DA:21,6
DA:22,6
DA:23,6
DA:24,6
DA:25,6
DA:26,6
DA:27,6
DA:28,6
DA:29,6
DA:30,6
DA:31,6
DA:32,6
DA:33,6
DA:34,6
DA:35,6
DA:36,6
DA:37,6
DA:38,6
DA:39,6
DA:40,6
DA:41,6
DA:42,6
DA:43,6
DA:44,6
DA:45,6
DA:46,6
DA:47,6
DA:48,6
DA:49,6
DA:50,6
DA:51,6
DA:52,4
DA:53,4
DA:54,4
DA:55,4
DA:56,4
DA:57,4
DA:58,4
DA:59,4
DA:60,4
DA:61,4
DA:62,4
DA:63,4
DA:64,0
DA:65,4
DA:66,4
DA:67,0
DA:68,4
DA:69,4
DA:70,4
DA:71,4
DA:72,4
DA:73,4
DA:74,4
DA:75,4
DA:76,4
DA:77,6
DA:78,6
DA:79,6
DA:80,6
DA:81,6
DA:82,4
DA:83,4
DA:84,6
DA:85,6
DA:86,6
DA:87,6
DA:88,6
DA:89,4
DA:90,4
DA:91,4
DA:92,4
DA:93,4
DA:94,4
DA:95,4
DA:96,4
DA:97,4
DA:98,4
DA:99,4
DA:100,4
DA:101,4
DA:102,4
DA:103,4
DA:104,4
DA:105,4
DA:106,4
DA:107,4
DA:108,4
DA:109,4
DA:110,4
DA:111,16
DA:112,16
DA:113,0
DA:114,0
DA:115,16
DA:116,16
DA:117,4
DA:118,4
DA:119,4
DA:120,6
DA:121,6
DA:122,6
DA:123,6
DA:124,6
DA:125,0
DA:126,0
DA:127,0
DA:128,0
DA:129,0
DA:130,0
DA:131,0
DA:132,0
DA:133,0
DA:134,0
DA:135,0
DA:136,0
DA:137,0
DA:138,0
DA:139,0
DA:140,0
DA:141,0
DA:142,0
DA:143,0
DA:144,0
DA:145,0
DA:146,0
DA:147,0
DA:148,0
DA:149,0
DA:150,0
DA:151,6
DA:152,6
DA:153,6
LF:153
LH:123
BRDA:1,0,0,6
BRDA:1,1,0,6
BRDA:51,2,0,4
BRDA:63,3,0,0
BRDA:66,4,0,0
BRDA:81,5,0,4
BRDA:88,6,0,4
BRDA:92,7,0,4
BRDA:98,8,0,4
BRDA:99,9,0,0
BRDA:100,10,0,0
BRDA:101,11,0,0
BRDA:104,12,0,4
BRDA:105,13,0,4
BRDA:105,14,0,0
BRDA:107,15,0,4
BRDA:108,16,0,0
BRDA:110,17,0,16
BRDA:111,18,0,0
BRDA:112,19,0,0
BRF:20
BRH:11
end_of_record
TN:
SF:src/trustedTimestamp/TrustedTimestampRequest.js
FN:1,Object.<anonymous>
FN:30,TrustedTimestampRequest
FN:48,getTimestamp
FN:80,_sortedProviders
FN:131,_getTimeStampToken
FN:173,_getTimestampRequest
FNF:6
FNH:6
FNDA:6,Object.<anonymous>
FNDA:9,TrustedTimestampRequest
FNDA:3,getTimestamp
FNDA:9,_sortedProviders
FNDA:4,_getTimeStampToken
FNDA:4,_getTimestampRequest
DA:1,6
DA:2,6
DA:3,6
DA:4,6
DA:5,6
DA:6,6
DA:7,6
DA:8,6
DA:9,6
DA:10,6
DA:11,6
DA:12,6
DA:13,6
DA:14,6
DA:15,6
DA:16,6
DA:17,6
DA:18,6
DA:19,6
DA:20,6
DA:21,6
DA:22,6
DA:23,6
DA:24,6
DA:25,6
DA:26,6
DA:27,6
DA:28,6
DA:29,6
DA:30,6
DA:31,9
DA:32,9
DA:33,9
DA:34,9
DA:35,9
DA:36,6
DA:37,6
DA:38,6
DA:39,6
DA:40,6
DA:41,6
DA:42,6
DA:43,6
DA:44,6
DA:45,6
DA:46,6
DA:47,6
DA:48,6
DA:49,3
DA:50,3
DA:51,3
DA:52,3
DA:53,3
DA:54,4
DA:55,4
DA:56,4
DA:57,4
DA:58,0
DA:59,0
DA:60,4
DA:61,0
DA:62,0
DA:63,4
DA:64,4
DA:65,4
DA:66,4
DA:67,4
DA:68,4
DA:69,4
DA:70,3
DA:71,3
DA:72,3
DA:73,6
DA:74,6
DA:75,6
DA:76,6
DA:77,6
DA:78,6
DA:79,6
DA:80,6
DA:81,9
DA:82,9
DA:83,9
DA:84,9
DA:85,16
DA:86,5
DA:87,16
DA:88,11
DA:89,11
DA:90,9
DA:91,9
DA:92,9
DA:93,9
DA:94,9
DA:95,9
DA:96,6
DA:97,6
DA:98,6
DA:99,6
DA:100,6
DA:101,6
DA:102,6
DA:103,6
DA:104,6
DA:105,6
DA:106,6
DA:107,6
DA:108,6
DA:109,6
DA:110,6
DA:111,6
DA:112,6
DA:113,6
DA:114,6
DA:115,6
DA:116,6
DA:117,6
DA:118,6
DA:119,6
DA:120,6
DA:121,6
DA:122,6
DA:123,6
DA:124,6
DA:125,6
DA:126,6
DA:127,6
DA:128,6
DA:129,6
DA:130,6
DA:131,6
DA:132,4
DA:133,4
DA:134,0
DA:135,0
DA:136,4
DA:137,3
DA:138,0
DA:139,0
DA:140,3
DA:141,3
DA:142,4
DA:143,1
DA:144,4
DA:145,4
DA:146,2
DA:147,2
DA:148,2
DA:149,2
DA:150,4
DA:151,4
DA:152,6
DA:153,6
DA:154,6
DA:155,6
DA:156,6
DA:157,6
DA:158,6
DA:159,6
DA:160,6
DA:161,6
DA:162,6
DA:163,6
DA:164,6
DA:165,6
DA:166,6
DA:167,6
DA:168,6
DA:169,6
DA:170,6
DA:171,6
DA:172,6
DA:173,6
DA:174,4
DA:175,4
DA:176,4
DA:177,4
DA:178,0
DA:179,0
DA:180,4
DA:181,4
DA:182,4
DA:183,2
DA:184,2
DA:185,4
DA:186,2
DA:187,2
DA:188,4
DA:189,0
DA:190,0
DA:191,4
DA:192,4
DA:193,4
DA:194,6
DA:195,6
DA:196,6
LF:196
LH:184
BRDA:1,0,0,6
BRDA:1,1,0,6
BRDA:30,2,0,9
BRDA:48,3,0,3
BRDA:53,4,0,4
BRDA:57,5,0,0
BRDA:60,6,0,0
BRDA:80,7,0,9
BRDA:84,8,0,16
BRDA:85,9,0,5
BRDA:87,10,0,11
BRDA:131,11,0,4
BRDA:133,12,0,0
BRDA:136,13,0,3
BRDA:137,14,0,0
BRDA:142,15,0,1
BRDA:144,16,0,4
BRDA:145,17,0,2
BRDA:173,18,0,4
BRDA:177,19,0,0
BRDA:177,20,0,0
BRDA:182,21,0,2
BRDA:182,22,0,2
BRDA:185,23,0,2
BRDA:185,24,0,2
BRDA:185,25,0,2
BRDA:185,26,0,2
BRDA:188,27,0,2
BRDA:188,28,0,0
BRF:29
BRH:22
end_of_record
TN:
SF:src/trustedTimestamp/TrustedTimestampService.js
FN:1,Object.<anonymous>
FN:41,TrustedTimestampService
FN:54,_init
FN:81,getTimestampInfo
FN:160,createTimestampToken
FN:204,verifyToken
FN:225,verifyTsr
FN:260,testService
FNF:8
FNH:8
FNDA:6,Object.<anonymous>
FNDA:11,TrustedTimestampService
FNDA:11,_init
FNDA:4,getTimestampInfo
FNDA:3,createTimestampToken
FNDA:4,verifyToken
FNDA:5,verifyTsr
FNDA:1,testService
DA:1,6
DA:2,6
DA:3,6
DA:4,6
DA:5,6
DA:6,6
DA:7,6
DA:8,6
DA:9,6
DA:10,6
DA:11,6
DA:12,6
DA:13,6
DA:14,6
DA:15,6
DA:16,6
DA:17,6
DA:18,6
DA:19,6
DA:20,6
DA:21,6
DA:22,6
DA:23,6
DA:24,6
DA:25,6
DA:26,6
DA:27,6
DA:28,6
DA:29,6
DA:30,6
DA:31,6
DA:32,6
DA:33,6
DA:34,6
DA:35,6
DA:36,6
DA:37,6
DA:38,6
DA:39,6
DA:40,6
DA:41,6
DA:42,11
DA:43,11
DA:44,11
DA:45,11
DA:46,11
DA:47,6
DA:48,6
DA:49,6
DA:50,6
DA:51,6
DA:52,6
DA:53,6
DA:54,6
DA:55,11
DA:56,11
DA:57,11
DA:58,11
DA:59,1
DA:60,1
DA:61,10
DA:62,11
DA:63,1
DA:64,1
DA:65,9
DA:66,9
DA:67,9
DA:68,9
DA:69,9
DA:70,9
DA:71,9
DA:72,11
DA:73,6
DA:74,6
DA:75,6
DA:76,6
DA:77,6
DA:78,6
DA:79,6
DA:80,6
DA:81,6
DA:82,4
DA:83,4
DA:84,4
DA:85,4
DA:86,4
DA:87,4
DA:88,4
DA:89,4
DA:90,4
DA:91,4
DA:92,4
DA:93,4
DA:94,4
DA:95,4
DA:96,4
DA:97,4
DA:98,4
DA:99,0
DA:100,4
DA:101,4
DA:102,4
DA:103,4
DA:104,4
DA:105,4
DA:106,4
DA:107,4
DA:108,4
DA:109,4
DA:110,4
DA:111,4
DA:112,4
DA:113,4
DA:114,4
DA:115,4
DA:116,0
DA:117,0
DA:118,4
DA:119,4
DA:120,4
DA:121,0
DA:122,4
DA:123,4
DA:124,8
DA:125,8
DA:126,8
DA:127,8
DA:128,4
DA:129,4
DA:130,6
DA:131,6
DA:132,6
DA:133,6
DA:134,6
DA:135,6
DA:136,6
DA:137,6
DA:138,6
DA:139,6
DA:140,6
DA:141,6
DA:142,6
DA:143,6
DA:144,6
DA:145,6
DA:146,6
DA:147,6
DA:148,6
DA:149,6
DA:150,6
DA:151,6
DA:152,6
DA:153,6
DA:154,6
DA:155,6
DA:156,6
DA:157,6
DA:158,6
DA:159,6
DA:160,6
DA:161,3
DA:162,3
DA:163,3
DA:164,3
DA:165,0
DA:166,0
DA:167,3
DA:168,0
DA:169,0
DA:170,3
DA:171,3
DA:172,3
DA:173,3
DA:174,0
DA:175,0
DA:176,3
DA:177,3
DA:178,3
DA:179,3
DA:180,3
DA:181,3
DA:182,3
DA:183,3
DA:184,3
DA:185,3
DA:186,3
DA:187,3
DA:188,3
DA:189,3
DA:190,3
DA:191,3
DA:192,0
DA:193,0
DA:194,3
DA:195,6
DA:196,6
DA:197,6
DA:198,6
DA:199,6
DA:200,6
DA:201,6
DA:202,6
DA:203,6
DA:204,6
DA:205,4
DA:206,0
DA:207,0
DA:208,4
DA:209,4
DA:210,0
DA:211,0
DA:212,4
DA:213,4
DA:214,4
DA:215,4
DA:216,6
DA:217,6
DA:218,6
DA:219,6
DA:220,6
DA:221,6
DA:222,6
DA:223,6
DA:224,6
DA:225,6
DA:226,5
DA:227,5
DA:228,5
DA:229,5
DA:230,0
DA:231,0
DA:232,5
DA:233,5
DA:234,5
DA:235,5
DA:236,5
DA:237,5
DA:238,5
DA:239,5
DA:240,5
DA:241,5
DA:242,5
DA:243,5
DA:244,5
DA:245,5
DA:246,5
DA:247,0
DA:248,0
DA:249,0
DA:250,0
DA:251,0
DA:252,0
DA:253,5
DA:254,6
DA:255,6
DA:256,6
DA:257,6
DA:258,6
DA:259,6
DA:260,6
DA:261,1
DA:262,1
DA:263,6
DA:264,6
DA:265,6
LF:265
LH:241
BRDA:1,0,0,6
BRDA:1,1,0,6
BRDA:41,2,0,11
BRDA:54,3,0,11
BRDA:58,4,0,1
BRDA:61,5,0,10
BRDA:62,6,0,9
BRDA:62,7,0,1
BRDA:65,8,0,9
BRDA:81,9,0,4
BRDA:98,10,0,0
BRDA:115,11,0,0
BRDA:120,12,0,0
BRDA:123,13,0,8
BRDA:160,14,0,3
BRDA:164,15,0,0
BRDA:167,16,0,0
BRDA:173,17,0,0
BRDA:177,18,0,0
BRDA:191,19,0,0
BRDA:204,20,0,4
BRDA:205,21,0,0
BRDA:209,22,0,0
BRDA:225,23,0,5
BRDA:229,24,0,0
BRDA:246,25,0,0
BRDA:260,26,0,1
BRF:27
BRH:15
end_of_record
TN:
SF:src/util/TempFileService.js
FN:1,Object.<anonymous>
FN:19,createTempFile
FNF:2
FNH:2
FNDA:6,Object.<anonymous>
FNDA:15,createTempFile
DA:1,6
DA:2,6
DA:3,6
DA:4,6
DA:5,6
DA:6,6
DA:7,6
DA:8,15
DA:9,6
DA:10,6
DA:11,6
DA:12,6
DA:13,6
DA:14,6
DA:15,6
DA:16,6
DA:17,6
DA:18,6
DA:19,6
DA:20,15
DA:21,15
DA:22,15
DA:23,10
DA:24,10
DA:25,15
DA:26,15
DA:27,0
DA:28,0
DA:29,15
DA:30,6
DA:31,6
DA:32,6
LF:32
LH:30
BRDA:1,0,0,6
BRDA:1,1,0,6
BRDA:7,2,0,15
BRDA:8,3,0,15
BRDA:19,4,0,15
BRDA:22,5,0,10
BRDA:26,6,0,0
BRF:7
BRH:6
end_of_record
TN:
SF:src/util/regexParser.js
FN:1,Object.<anonymous>
FN:1,parseRegex
FN:7,revive
FN:26,createParser
FNF:4
FNH:3
FNDA:6,Object.<anonymous>
FNDA:40,parseRegex
FNDA:20,revive
FNDA:0,createParser
DA:1,40
DA:2,40
DA:3,40
DA:4,0
DA:5,0
DA:6,40
DA:7,40
DA:8,40
DA:9,40
DA:10,0
DA:11,0
DA:12,40
DA:13,40
DA:14,36
DA:15,36
DA:16,4
DA:17,4
DA:18,4
DA:19,4
DA:20,12
DA:21,4
DA:22,4
DA:23,4
DA:24,40
DA:25,6
DA:26,0
DA:27,0
DA:28,0
DA:29,0
DA:30,0
DA:31,6
DA:32,6
DA:33,6
LF:33
LH:24
BRDA:1,0,0,6
BRDA:1,1,0,6
BRDA:1,2,0,40
BRDA:3,3,0,0
BRDA:7,4,0,20
BRDA:9,5,0,0
BRDA:13,6,0,36
BRDA:16,7,0,4
BRDA:7,8,0,20
BRDA:19,9,0,12
BRF:10
BRH:8
end_of_record
